{"logTime": "1126/221501", "correlationVector":"bp2ptC9SsKzkA1Lz/zIKC8.0","action":"FeedSettingFetch_homeCloud", "result":"0", "context":{}}
{"logTime": "1126/221501", "correlationVector":"bp2ptC9SsKzkA1Lz/zIKC8.0","action":"SyncServerConnectionManagerRequest", "result":"SYNC_SERVER_OK", "context":{"environment":"", "server":""}}
{"logTime": "1126/221501", "correlationVector":"jhBLHHQ4IwIvmU/PfEp6gh.1","action":"SyncServerConnectionManagerRequest", "result":"SYNC_SERVER_OK", "context":{"environment":"Prod_WestEurope_x00e", "server":"GENERAL0100000P"}}
{"logTime": "1126/221501", "correlationVector":"jhBLHHQ4IwIvmU/PfEp6gh","action":"Initial GetUpdates", "result":"", "context":Reason: NEW_CLIENT. cV=jhBLHHQ4IwIvmU/PfEp6gh}
{"logTime": "1126/221501", "correlationVector":"jhBLHHQ4IwIvmU/PfEp6gh.2","action":"GetUpdates Response", "result":"SYNCER_OK", "context":Received 1 update(s). cV=jhBLHHQ4IwIvmU/PfEp6gh.0;server=GENERAL0100000P;cloudType=Consumer;environment=Prod_WestEurope_x00e}
{"logTime": "1126/223225", "correlationVector":"Pz52d25rPsl671SZo0ZG9h","action":"Initial GetUpdates", "result":"", "context":Reason: NEW_CLIENT. cV=Pz52d25rPsl671SZo0ZG9h}
{"logTime": "1126/223225", "correlationVector":"Pz52d25rPsl671SZo0ZG9h.1","action":"SyncServerConnectionManagerRequest", "result":"SYNC_SERVER_OK", "context":{"environment":"Prod_WestEurope_000l", "server":"GENERAL0100002V"}}
{"logTime": "1126/223225", "correlationVector":"Pz52d25rPsl671SZo0ZG9h.2","action":"GetUpdates Response", "result":"SYNCER_OK", "context":Received 19 update(s). cV=Pz52d25rPsl671SZo0ZG9h.0;server=GENERAL0100002V;cloudType=Consumer;environment=Prod_WestEurope_000l}
{"logTime": "1126/223225", "correlationVector":"vykvHm3tGsNA0XTODjCpt7","action":"Normal GetUpdate request", "result":"", "context":cV=vykvHm3tGsNA0XTODjCpt7
Nudged types: Device Info, User Consents
Refresh requested types: Device Info, User Consents, Send Tab To Self, Encryption Keys}
{"logTime": "1126/223225", "correlationVector":"vykvHm3tGsNA0XTODjCpt7.1","action":"SyncServerConnectionManagerRequest", "result":"SYNC_SERVER_OK", "context":{"environment":"Prod_WestEurope_000l", "server":"GENERAL0100000O"}}
{"logTime": "1126/223225", "correlationVector":"vykvHm3tGsNA0XTODjCpt7.2","action":"GetUpdates Response", "result":"SYNCER_OK", "context":Received 0 update(s). cV=vykvHm3tGsNA0XTODjCpt7.0;server=GENERAL0100000O;cloudType=Consumer;environment=Prod_WestEurope_000l}
{"logTime": "1126/223225", "correlationVector":"vo1bl1G3ovikpkrRNS99L+","action":"Commit Request", "result":"", "context":Item count: 1
Contributing types: Device Info}
{"logTime": "1126/223226", "correlationVector":"vo1bl1G3ovikpkrRNS99L+.1","action":"SyncServerConnectionManagerRequest", "result":"SYNC_SERVER_OK", "context":{"environment":"Prod_WestEurope_000l", "server":"general0100004B"}}
{"logTime": "1126/223226", "correlationVector":"vo1bl1G3ovikpkrRNS99L+.2","action":"Commit Response", "result":"SYNCER_OK", "context":Result: SYNCER_OK. cV=vo1bl1G3ovikpkrRNS99L+.0;server=general0100004B;cloudType=Consumer;environment=Prod_WestEurope_000l}
{"logTime": "1126/223226", "correlationVector":"g5tXKD7iV1XbbSqBpcpWiE","action":"Commit Request", "result":"", "context":Item count: 1
Contributing types: User Consents}
{"logTime": "1126/223226", "correlationVector":"g5tXKD7iV1XbbSqBpcpWiE.1","action":"SyncServerConnectionManagerRequest", "result":"SYNC_SERVER_OK", "context":{"environment":"Prod_WestEurope_000l", "server":"GENERAL0100002T"}}
{"logTime": "1126/223226", "correlationVector":"g5tXKD7iV1XbbSqBpcpWiE.2","action":"Commit Response", "result":"SYNCER_OK", "context":Result: SYNCER_OK. cV=g5tXKD7iV1XbbSqBpcpWiE.0;server=GENERAL0100002T;cloudType=Consumer;environment=Prod_WestEurope_000l}
{"logTime": "1126/223450", "correlationVector":"Bp/TJvx1uVNhaXddg1Z8nK.0","action":"FeedSettingFetch_homeCloud", "result":"0", "context":{}}
{"logTime": "1126/223450", "correlationVector":"9NcOFRcr0aotH2MREujmGm.1","action":"SyncServerConnectionManagerRequest", "result":"SYNC_SERVER_OK", "context":{"environment":"Prod_WestEurope_000l", "server":"general0100004I"}}
{"logTime": "1126/223450", "correlationVector":"9NcOFRcr0aotH2MREujmGm","action":"Initial GetUpdates", "result":"", "context":Reason: NEW_CLIENT. cV=9NcOFRcr0aotH2MREujmGm}
{"logTime": "1126/223450", "correlationVector":"9NcOFRcr0aotH2MREujmGm.2","action":"GetUpdates Response", "result":"SYNCER_OK", "context":Received 1 update(s). cV=9NcOFRcr0aotH2MREujmGm.0;server=general0100004I;cloudType=Consumer;environment=Prod_WestEurope_000l}
{"logTime": "1126/223450", "correlationVector":"ncqyThT17zSZ4X3wTzxNex","action":"Normal GetUpdate request", "result":"", "context":cV=ncqyThT17zSZ4X3wTzxNex
Refresh requested types: Device Info, User Consents, Send Tab To Self, Encryption Keys}
{"logTime": "1126/223450", "correlationVector":"ncqyThT17zSZ4X3wTzxNex.1","action":"SyncServerConnectionManagerRequest", "result":"SYNC_SERVER_OK", "context":{"environment":"Prod_WestEurope_000l", "server":"GENERAL0100000J"}}
{"logTime": "1126/223450", "correlationVector":"ncqyThT17zSZ4X3wTzxNex.2","action":"GetUpdates Response", "result":"SYNCER_OK", "context":Received 1 update(s). cV=ncqyThT17zSZ4X3wTzxNex.0;server=GENERAL0100000J;cloudType=Consumer;environment=Prod_WestEurope_000l}
{"logTime": "1126/231337", "correlationVector":"dgmRohNAMz8JayYRKxVqNG.0","action":"FeedSettingFetch_homeCloud", "result":"0", "context":{}}
{"logTime": "1126/231337", "correlationVector":"W0KfHP00K9mzB/+9/cMJ5h.1","action":"SyncServerConnectionManagerRequest", "result":"SYNC_SERVER_OK", "context":{"environment":"Prod_WestEurope_000l", "server":"GENERAL0100000L"}}
{"logTime": "1126/231337", "correlationVector":"W0KfHP00K9mzB/+9/cMJ5h","action":"Initial GetUpdates", "result":"", "context":Reason: NEW_CLIENT. cV=W0KfHP00K9mzB/+9/cMJ5h}
{"logTime": "1126/231337", "correlationVector":"W0KfHP00K9mzB/+9/cMJ5h.2","action":"GetUpdates Response", "result":"SYNCER_OK", "context":Received 1 update(s). cV=W0KfHP00K9mzB/+9/cMJ5h.0;server=GENERAL0100000L;cloudType=Consumer;environment=Prod_WestEurope_000l}
{"logTime": "1126/231337", "correlationVector":"QnbIlAwLJ2umeP/Z2h7ri0","action":"Normal GetUpdate request", "result":"", "context":cV=QnbIlAwLJ2umeP/Z2h7ri0
Refresh requested types: Device Info, User Consents, Send Tab To Self, Encryption Keys}
{"logTime": "1126/231337", "correlationVector":"QnbIlAwLJ2umeP/Z2h7ri0.1","action":"SyncServerConnectionManagerRequest", "result":"SYNC_SERVER_OK", "context":{"environment":"Prod_WestEurope_000l", "server":"GENERAL0100000N"}}
{"logTime": "1126/231337", "correlationVector":"QnbIlAwLJ2umeP/Z2h7ri0.2","action":"GetUpdates Response", "result":"SYNCER_OK", "context":Received 0 update(s). cV=QnbIlAwLJ2umeP/Z2h7ri0.0;server=GENERAL0100000N;cloudType=Consumer;environment=Prod_WestEurope_000l}
{"logTime": "1127/005901", "correlationVector":"8V1TsC4VK4zK5hfylGOlMA.0","action":"FeedSettingFetch_homeCloud", "result":"0", "context":{}}
{"logTime": "1127/005901", "correlationVector":"fVRRL+G9Yu1t6Z5PEZ8JGV.1","action":"SyncServerConnectionManagerRequest", "result":"SYNC_SERVER_OK", "context":{"environment":"Prod_WestEurope_000l", "server":"GENERAL01000007"}}
{"logTime": "1127/005901", "correlationVector":"fVRRL+G9Yu1t6Z5PEZ8JGV","action":"Initial GetUpdates", "result":"", "context":Reason: NEW_CLIENT. cV=fVRRL+G9Yu1t6Z5PEZ8JGV}
{"logTime": "1127/005901", "correlationVector":"fVRRL+G9Yu1t6Z5PEZ8JGV.2","action":"GetUpdates Response", "result":"SYNCER_OK", "context":Received 1 update(s). cV=fVRRL+G9Yu1t6Z5PEZ8JGV.0;server=GENERAL01000007;cloudType=Consumer;environment=Prod_WestEurope_000l}
{"logTime": "1127/005901", "correlationVector":"XKo0B7mZpljXpiufKakXHI","action":"Normal GetUpdate request", "result":"", "context":cV=XKo0B7mZpljXpiufKakXHI
Refresh requested types: Device Info, User Consents, Send Tab To Self, Encryption Keys}
{"logTime": "1127/005901", "correlationVector":"XKo0B7mZpljXpiufKakXHI.1","action":"SyncServerConnectionManagerRequest", "result":"SYNC_SERVER_OK", "context":{"environment":"Prod_WestEurope_000l", "server":"general01000048"}}
{"logTime": "1127/005901", "correlationVector":"XKo0B7mZpljXpiufKakXHI.2","action":"GetUpdates Response", "result":"SYNCER_OK", "context":Received 0 update(s). cV=XKo0B7mZpljXpiufKakXHI.0;server=general01000048;cloudType=Consumer;environment=Prod_WestEurope_000l}
